<?xml version="1.0" encoding="UTF-8"?>
<!-- Generated by org.testng.reporters.JUnitReportReporter -->
<testsuite hostname="PUNITP349827D" name="com.scripts.HomeScript" tests="2" failures="0" timestamp="12 Oct 2016 09:23:17 GMT" time="1.444" errors="0">
  <testcase name="homeTestCase01" time="0.070" classname="com.scripts.HomeScript"/>
  <testcase name="homeTestCase02" time="1.374" classname="com.scripts.HomeScript"/>
</testsuite> <!-- com.scripts.HomeScript -->
